  MyProject.cpp
C:\Users\mattm\Downloads\TAStartPoint\Win32GraphicsProject\MyProject.h(56): warning C4091: 'static ': ignored on left of 'MyProject::gameStates' when no variable is declared
C:\Users\mattm\Downloads\TAStartPoint\Win32GraphicsProject\MyProject.cpp(143,74): warning C4244: 'argument': conversion from 'double' to 'float', possible loss of data
C:\Users\mattm\Downloads\TAStartPoint\Win32GraphicsProject\MyProject.cpp(143,54): warning C4244: 'argument': conversion from 'double' to 'float', possible loss of data
C:\Users\mattm\Downloads\TAStartPoint\Win32GraphicsProject\MyProject.cpp(144,44): warning C4244: 'argument': conversion from 'int' to 'float', possible loss of data
C:\Users\mattm\Downloads\TAStartPoint\Win32GraphicsProject\MyProject.cpp(144,33): warning C4244: 'argument': conversion from 'int' to 'float', possible loss of data
C:\Users\mattm\Downloads\TAStartPoint\Win32GraphicsProject\MyProject.cpp(144,57): warning C4244: 'argument': conversion from 'int' to 'float', possible loss of data
C:\Users\mattm\Downloads\TAStartPoint\Win32GraphicsProject\MyProject.cpp(147,78): warning C4244: 'argument': conversion from 'double' to 'float', possible loss of data
C:\Users\mattm\Downloads\TAStartPoint\Win32GraphicsProject\MyProject.cpp(147,58): warning C4244: 'argument': conversion from 'double' to 'float', possible loss of data
C:\Users\mattm\Downloads\TAStartPoint\Win32GraphicsProject\MyProject.cpp(157,100): warning C4244: 'argument': conversion from 'double' to 'float', possible loss of data
C:\Users\mattm\Downloads\TAStartPoint\Win32GraphicsProject\MyProject.cpp(157,80): warning C4244: 'argument': conversion from 'double' to 'float', possible loss of data
C:\Users\mattm\Downloads\TAStartPoint\Win32GraphicsProject\MyProject.cpp(160,67): warning C4244: 'argument': conversion from 'double' to 'float', possible loss of data
C:\Users\mattm\Downloads\TAStartPoint\Win32GraphicsProject\MyProject.cpp(163,102): warning C4244: 'argument': conversion from 'double' to 'float', possible loss of data
C:\Users\mattm\Downloads\TAStartPoint\Win32GraphicsProject\MyProject.cpp(163,82): warning C4244: 'argument': conversion from 'double' to 'float', possible loss of data
C:\Users\mattm\Downloads\TAStartPoint\Win32GraphicsProject\MyProject.cpp(166,100): warning C4244: 'argument': conversion from 'double' to 'float', possible loss of data
C:\Users\mattm\Downloads\TAStartPoint\Win32GraphicsProject\MyProject.cpp(166,80): warning C4244: 'argument': conversion from 'double' to 'float', possible loss of data
C:\Users\mattm\Downloads\TAStartPoint\Win32GraphicsProject\MyProject.cpp(251,20): warning C4244: '=': conversion from 'int' to 'float', possible loss of data
C:\Users\mattm\Downloads\TAStartPoint\Win32GraphicsProject\MyProject.cpp(257,20): warning C4244: '=': conversion from 'int' to 'float', possible loss of data
C:\Users\mattm\Downloads\TAStartPoint\Win32GraphicsProject\MyProject.cpp(355,40): warning C4244: 'argument': conversion from 'double' to 'int', possible loss of data
C:\Users\mattm\Downloads\TAStartPoint\Win32GraphicsProject\MyProject.cpp(535,30): warning C4244: '=': conversion from 'double' to 'float', possible loss of data
C:\Users\mattm\Downloads\TAStartPoint\Win32GraphicsProject\MyProject.cpp(544,23): warning C4244: '=': conversion from 'double' to 'float', possible loss of data
C:\Users\mattm\Downloads\TAStartPoint\Win32GraphicsProject\MyProject.cpp(553,31): warning C4244: '=': conversion from 'double' to 'float', possible loss of data
C:\Users\mattm\Downloads\TAStartPoint\Win32GraphicsProject\MyProject.cpp(568,33): warning C4305: 'argument': truncation from 'double' to 'float'
C:\Users\mattm\Downloads\TAStartPoint\Win32GraphicsProject\MyProject.cpp(579,24): warning C4244: '=': conversion from 'double' to 'float', possible loss of data
C:\Users\mattm\Downloads\TAStartPoint\Win32GraphicsProject\MyProject.cpp(600,41): warning C4244: '=': conversion from 'double' to 'float', possible loss of data
C:\Users\mattm\Downloads\TAStartPoint\Win32GraphicsProject\MyProject.cpp(605,29): warning C4244: '=': conversion from 'double' to 'float', possible loss of data
C:\Users\mattm\Downloads\TAStartPoint\Win32GraphicsProject\MyProject.cpp(669,50): warning C4305: 'argument': truncation from 'double' to 'float'
C:\Users\mattm\Downloads\TAStartPoint\Win32GraphicsProject\MyProject.cpp(707,50): warning C4305: 'argument': truncation from 'double' to 'float'
C:\Users\mattm\Downloads\TAStartPoint\Win32GraphicsProject\MyProject.cpp(743,50): warning C4305: 'argument': truncation from 'double' to 'float'
C:\Users\mattm\Downloads\TAStartPoint\Win32GraphicsProject\MyProject.cpp(758,18): warning C4244: '=': conversion from 'int' to 'float', possible loss of data
C:\Users\mattm\Downloads\TAStartPoint\Win32GraphicsProject\MyProject.cpp(762,18): warning C4244: '=': conversion from 'int' to 'float', possible loss of data
C:\Users\mattm\Downloads\TAStartPoint\Win32GraphicsProject\MyProject.cpp(767,18): warning C4244: '=': conversion from 'int' to 'float', possible loss of data
C:\Users\mattm\Downloads\TAStartPoint\Win32GraphicsProject\MyProject.cpp(771,18): warning C4244: '=': conversion from 'int' to 'float', possible loss of data
C:\Users\mattm\Downloads\TAStartPoint\Win32GraphicsProject\MyProject.cpp(774,37): warning C4244: 'argument': conversion from 'int' to 'float', possible loss of data
  Win32GraphicsProject.vcxproj -> C:\Users\mattm\Downloads\TAStartPoint\Debug\Win32GraphicsProject.exe
